
🔍 [AgenticChat] Processing Message: "Fill the form"
📋 [Context] Fields Available: 9
🔍[Selector] Is Targeted: false 
🔍[Selector] Target Fields: [] 

🔍 [AgenticChat] Processing Message: "fill the form"
📋 [Context] Fields Available: 9
🔍[Selector] Is Targeted: false 
🔍[Selector] Target Fields: [] 

🔍 [AgenticChat] Processing Message: "fill the form"
📋 [Context] Fields Available: 9
🔍[Selector] Is Targeted: false 
🔍[Selector] Target Fields: [] 

🔍 [AgenticChat] Processing Message: "fill the form"
📋 [Context] Fields Available: 9
🔍[Selector] Is Targeted: false 
🔍[Selector] Target Fields: [] 

🔍 [AgenticChat] Processing Message: "Fill the form"
📋 [Context] Fields Available: 21
🔍[Selector] Is Targeted: false 
🔍[Selector] Target Fields: [] 
